                                     | Core 0     | Core 1     | Core 2     | Core 3     | Core 4     | Core 5     | Core 6     | Core 7     | Core 8     | Core 9     | Core 10    | Core 11    | Core 12    | Core 13    | Core 14    | Core 15   
  Instructions                       |   76374239 |   48456927 |   48805451 |   48407841 |   48616630 |   48369694 |   48035005 |   48623177 |   48336050 |   47549227 |   48603306 |   46869095 |   47832977 |   48234718 |   48237781 |          0
  Cycles                             |   67892910 |   67892910 |   67892910 |   67892910 |   67892910 |   67892910 |   67892910 |   67892910 |   67892910 |   67892910 |   67892910 |   67892910 |   67892910 |   67892910 |   67892910 |   67892910
  IPC                                |       1.12 |       0.71 |       0.72 |       0.71 |       0.72 |       0.71 |       0.71 |       0.72 |       0.71 |       0.70 |       0.72 |       0.69 |       0.70 |       0.71 |       0.71 |       0.00
  Time (ns)                          |   25523651 |   25523651 |   25523651 |   25523651 |   25523651 |   25523651 |   25523651 |   25523651 |   25523651 |   25523651 |   25523651 |   25523651 |   25523651 |   25523651 |   25523651 |   25523651
  Idle time (ns)                     |   12352156 |   13986034 |   13994284 |   14191981 |   14060724 |   14206397 |   14174601 |   14062191 |   14196948 |   14266247 |   14075824 |   14329087 |   14299596 |   14118511 |   14221753 |   25523651
  Idle time (%)                      |      48.4% |      54.8% |      54.8% |      55.6% |      55.1% |      55.7% |      55.5% |      55.1% |      55.6% |      55.9% |      55.1% |      56.1% |      56.0% |      55.3% |      55.7% |     100.0%
Branch predictor stats               |            |            |            |            |            |            |            |            |            |            |            |            |            |            |            |           
  num correct                        |    4283614 |    4002403 |    4031899 |    4000959 |    4017141 |    3998882 |    3968512 |    4018044 |    3994490 |    3929418 |    4016201 |    3869316 |    3953509 |    3985043 |    3986877 |          0
  num incorrect                      |      37302 |     111290 |     110566 |     106445 |     108844 |     105574 |     107340 |     108248 |     105409 |     105779 |     108124 |     108170 |     104551 |     108618 |     105198 |          0
  misprediction rate                 |      0.86% |      2.71% |      2.67% |      2.59% |      2.64% |      2.57% |      2.63% |      2.62% |      2.57% |      2.62% |      2.62% |      2.72% |      2.58% |      2.65% |      2.57% |      0.00%
  mpki                               |       0.49 |       2.30 |       2.27 |       2.20 |       2.24 |       2.18 |       2.23 |       2.23 |       2.18 |       2.22 |       2.22 |       2.31 |       2.19 |       2.25 |       2.18 |       0.00
TLB Summary                          |            |            |            |            |            |            |            |            |            |            |            |            |            |            |            |           
  I-TLB                              |            |            |            |            |            |            |            |            |            |            |            |            |            |            |            |           
    num accesses                     |    7318381 |    4298106 |    4320668 |    4267487 |    4294807 |    4261140 |    4242604 |    4295828 |    4259951 |    4201210 |    4294507 |    4162716 |    4215404 |    4269999 |    4250667 |          0
    num misses                       |        111 |         22 |         22 |         24 |         22 |         22 |         23 |         23 |         23 |         22 |         22 |         22 |         23 |         22 |         23 |          0
    miss rate                        |      0.00% |      0.00% |      0.00% |      0.00% |      0.00% |      0.00% |      0.00% |      0.00% |      0.00% |      0.00% |      0.00% |      0.00% |      0.00% |      0.00% |      0.00% |      0.00%
    mpki                             |       0.00 |       0.00 |       0.00 |       0.00 |       0.00 |       0.00 |       0.00 |       0.00 |       0.00 |       0.00 |       0.00 |       0.00 |       0.00 |       0.00 |       0.00 |       0.00
  D-TLB                              |            |            |            |            |            |            |            |            |            |            |            |            |            |            |            |           
    num accesses                     |   22045677 |   11973306 |   12052381 |   11936223 |   11995634 |   11923635 |   11850916 |   11996473 |   11917740 |   11732046 |   11994501 |   11586939 |   11793419 |   11911971 |   11895252 |          0
    num misses                       |       7060 |      62075 |      64553 |      68523 |      65326 |      66611 |      68476 |      67587 |      69183 |      66956 |      66400 |      80428 |      66592 |      64882 |      66252 |          0
    miss rate                        |      0.03% |      0.52% |      0.54% |      0.57% |      0.54% |      0.56% |      0.58% |      0.56% |      0.58% |      0.57% |      0.55% |      0.69% |      0.56% |      0.54% |      0.56% |      0.00%
    mpki                             |       0.09 |       1.28 |       1.32 |       1.42 |       1.34 |       1.38 |       1.43 |       1.39 |       1.43 |       1.41 |       1.37 |       1.72 |       1.39 |       1.35 |       1.37 |       0.00
  L2 TLB                             |            |            |            |            |            |            |            |            |            |            |            |            |            |            |            |           
    num accesses                     |       7171 |      62097 |      64575 |      68547 |      65348 |      66633 |      68499 |      67610 |      69206 |      66978 |      66422 |      80450 |      66615 |      64904 |      66275 |          0
    num misses                       |       2358 |       2906 |       3234 |       2838 |       3285 |       3004 |       3327 |       2924 |       3232 |       3233 |       2915 |       2936 |       3053 |       3150 |       3067 |          0
    miss rate                        |     32.88% |      4.68% |      5.01% |      4.14% |      5.03% |      4.51% |      4.86% |      4.32% |      4.67% |      4.83% |      4.39% |      3.65% |      4.58% |      4.85% |      4.63% |      0.00%
    mpki                             |       0.03 |       0.06 |       0.07 |       0.06 |       0.07 |       0.06 |       0.07 |       0.06 |       0.07 |       0.07 |       0.06 |       0.06 |       0.06 |       0.07 |       0.06 |       0.00
Cache Summary                        |            |            |            |            |            |            |            |            |            |            |            |            |            |            |            |           
  Cache L1-I                         |            |            |            |            |            |            |            |            |            |            |            |            |            |            |            |           
    num cache accesses               |    7318381 |    4298106 |    4320668 |    4267487 |    4294807 |    4261140 |    4242604 |    4295828 |    4259951 |    4201210 |    4294507 |    4162716 |    4215404 |    4269999 |    4250667 |          0
    num cache misses                 |       8139 |      83100 |      81656 |      78617 |      80020 |      79783 |      79861 |      82195 |      82045 |      81120 |      83062 |      80469 |      80393 |      79842 |      79713 |          0
    miss rate                        |      0.11% |      1.93% |      1.89% |      1.84% |      1.86% |      1.87% |      1.88% |      1.91% |      1.93% |      1.93% |      1.93% |      1.93% |      1.91% |      1.87% |      1.88% |       inf%
    mpki                             |       0.11 |       1.71 |       1.67 |       1.62 |       1.65 |       1.65 |       1.66 |       1.69 |       1.70 |       1.71 |       1.71 |       1.72 |       1.68 |       1.66 |       1.65 |        inf
  Cache L1-D                         |            |            |            |            |            |            |            |            |            |            |            |            |            |            |            |           
    num cache accesses               |   22055486 |   11973922 |   12053042 |   11936807 |   11996231 |   11924224 |   11851499 |   11997076 |   11918333 |   11732639 |   11995171 |   11587526 |   11794004 |   11912629 |   11895835 |          0
    num cache misses                 |     332301 |     516828 |     521561 |     524243 |     521957 |     522140 |     515889 |     523030 |     521061 |     511058 |     523190 |     498835 |     514484 |     517105 |     520466 |          0
    miss rate                        |      1.51% |      4.32% |      4.33% |      4.39% |      4.35% |      4.38% |      4.35% |      4.36% |      4.37% |      4.36% |      4.36% |      4.30% |      4.36% |      4.34% |      4.38% |       inf%
    mpki                             |       4.35 |      10.67 |      10.69 |      10.83 |      10.74 |      10.79 |      10.74 |      10.76 |      10.78 |      10.75 |      10.76 |      10.64 |      10.76 |      10.72 |      10.79 |        inf
  Cache L2                           |            |            |            |            |            |            |            |            |            |            |            |            |            |            |            |           
    num cache accesses               |     356882 |     602625 |     605210 |     604673 |     604377 |     604165 |     597688 |     607206 |     604876 |     594547 |     608513 |     581558 |     596643 |     599417 |     602279 |          0
    num cache misses                 |     318445 |      42401 |      40770 |      40969 |      40935 |      40579 |      46582 |      43071 |      40606 |      45344 |      40528 |      42430 |      41377 |      41353 |      43136 |          0
    miss rate                        |     89.23% |      7.04% |      6.74% |      6.78% |      6.77% |      6.72% |      7.79% |      7.09% |      6.71% |      7.63% |      6.66% |      7.30% |      6.93% |      6.90% |      7.16% |       inf%
    mpki                             |       4.17 |       0.88 |       0.84 |       0.85 |       0.84 |       0.84 |       0.97 |       0.89 |       0.84 |       0.95 |       0.83 |       0.91 |       0.87 |       0.86 |       0.89 |        inf
  Cache L3                           |            |            |            |            |            |            |            |            |            |            |            |            |            |            |            |           
    num cache accesses               |     337947 |      45258 |      42874 |      42952 |      43650 |      43027 |      48751 |      45282 |      42541 |      47867 |      42874 |      44862 |      43295 |      44032 |      45527 |          0
    num cache misses                 |      60658 |       7533 |       7460 |       7508 |       7200 |       7106 |       7628 |       7904 |       7440 |       7196 |       7139 |       8309 |       7489 |       7354 |       6774 |          0
    miss rate                        |     17.95% |     16.64% |     17.40% |     17.48% |     16.49% |     16.52% |     15.65% |     17.46% |     17.49% |     15.03% |     16.65% |     18.52% |     17.30% |     16.70% |     14.88% |       inf%
    mpki                             |       0.79 |       0.16 |       0.15 |       0.16 |       0.15 |       0.15 |       0.16 |       0.16 |       0.15 |       0.15 |       0.15 |       0.18 |       0.16 |       0.15 |       0.14 |        inf
DRAM summary                         |            |            |            |            |            |            |            |            |            |            |            |            |            |            |            |           
  num dram accesses                  |       5681 |       6086 |       5401 |       5398 |       5283 |       5476 |       5363 |       5380 |       5354 |       5472 |       5336 |       5295 |       5356 |       5361 |       7823 |       5714
  average dram access latency (ns)   |      55.80 |      56.79 |      53.60 |      53.58 |      53.50 |      55.57 |      53.53 |      53.58 |      53.53 |      53.56 |      53.54 |      53.49 |      53.54 |      53.53 |      53.88 |      53.52
  average dram queueing delay        |       2.38 |       3.36 |       0.18 |       0.15 |       0.07 |       2.14 |       0.10 |       0.16 |       0.10 |       0.13 |       0.11 |       0.06 |       0.11 |       0.10 |       0.45 |       0.09
  average dram bandwidth utilization |      0.00% |      0.00% |      0.00% |      0.00% |      0.00% |      0.00% |      0.00% |      0.00% |      0.00% |      0.00% |      0.00% |      0.00% |      0.00% |      0.00% |      0.00% |      0.00%
Coherency Traffic                    |            |            |            |            |            |            |            |            |            |            |            |            |            |            |            |           
  num loads from dram                |      37460 |       1009 |       1162 |       1076 |       1027 |       1056 |       1028 |       1085 |       1018 |       1001 |       1007 |       1070 |       1083 |       1111 |       1070 |          0
  num loads from dram cache          |          0 |          0 |          0 |          0 |          0 |          0 |          0 |          0 |          0 |          0 |          0 |          0 |          0 |          0 |          0 |          0
  num loads from remote cache        |       1319 |       4018 |       3940 |       3769 |       3639 |       3424 |       4012 |       4311 |       3830 |       3491 |       3408 |       4511 |       3759 |       3556 |       3225 |          0
